build/app/intermediates/manifest_merge_blame_file/debug/manifest-merger-blame-debug-report.txt
1<?xml version="1.0" encoding="utf-8"?>
2<manifest xmlns:android="http://schemas.android.com/apk/res/android"
3    package="com.example.paypaltimenow"
4    android:versionCode="1"
5    android:versionName="1.0.0" >
6
7    <uses-sdk
8        android:minSdkVersion="21"
9        android:targetSdkVersion="31" />
10    <!--
11         The INTERNET permission is required for development. Specifically,
12         the Flutter tool needs it to communicate with the running application
13         to allow setting breakpoints, to provide hot reload, etc.
14    -->
15    <uses-permission android:name="android.permission.INTERNET" />
15-->src\debug\AndroidManifest.xml:7:5-66
15-->src\debug\AndroidManifest.xml:7:22-64
16    <uses-permission android:name="android.permission.CAMERA" />
16-->[io.card:android-sdk:5.5.1] AndroidManifest.xml:9:5-65
16-->[io.card:android-sdk:5.5.1] AndroidManifest.xml:9:22-62
17    <uses-permission android:name="android.permission.VIBRATE" />
17-->[io.card:android-sdk:5.5.1] AndroidManifest.xml:10:5-66
17-->[io.card:android-sdk:5.5.1] AndroidManifest.xml:10:22-63
18
19    <uses-feature
19-->[io.card:android-sdk:5.5.1] AndroidManifest.xml:12:5-14:36
20        android:name="android.hardware.camera"
20-->[io.card:android-sdk:5.5.1] AndroidManifest.xml:13:9-47
21        android:required="false" />
21-->[io.card:android-sdk:5.5.1] AndroidManifest.xml:14:9-33
22    <uses-feature
22-->[io.card:android-sdk:5.5.1] AndroidManifest.xml:15:5-17:36
23        android:name="android.hardware.camera.autofocus"
23-->[io.card:android-sdk:5.5.1] AndroidManifest.xml:16:9-57
24        android:required="false" />
24-->[io.card:android-sdk:5.5.1] AndroidManifest.xml:17:9-33
25
26    <uses-permission android:name="android.permission.ACCESS_NETWORK_STATE" />
26-->[com.braintreepayments.api:drop-in:5.2.1] AndroidManifest.xml:12:5-79
26-->[com.braintreepayments.api:drop-in:5.2.1] AndroidManifest.xml:12:22-76
27
28    <queries>
28-->[com.braintreepayments:browser-switch:1.1.3] AndroidManifest.xml:11:5-19:15
29        <intent>
29-->[com.braintreepayments:browser-switch:1.1.3] AndroidManifest.xml:12:9-18:18
30            <action android:name="android.intent.action.VIEW" />
30-->[com.braintreepayments:browser-switch:1.1.3] AndroidManifest.xml:13:13-65
30-->[com.braintreepayments:browser-switch:1.1.3] AndroidManifest.xml:13:21-62
31
32            <category android:name="android.intent.category.BROWSABLE" />
32-->[com.braintreepayments:browser-switch:1.1.3] AndroidManifest.xml:15:13-74
32-->[com.braintreepayments:browser-switch:1.1.3] AndroidManifest.xml:15:23-71
33
34            <data android:scheme="https" />
34-->[com.braintreepayments:browser-switch:1.1.3] AndroidManifest.xml:17:13-44
34-->[com.braintreepayments:browser-switch:1.1.3] AndroidManifest.xml:17:19-41
35        </intent>
36    </queries>
37
38    <uses-feature
38-->[com.google.android.gms:play-services-maps:16.0.0] AndroidManifest.xml:26:5-28:35
39        android:glEsVersion="0x00020000"
39-->[com.google.android.gms:play-services-maps:16.0.0] AndroidManifest.xml:27:9-41
40        android:required="true" />
40-->[com.google.android.gms:play-services-maps:16.0.0] AndroidManifest.xml:28:9-32
41
42    <application
43        android:name="android.app.Application"
44        android:appComponentFactory="androidx.core.app.CoreComponentFactory"
44-->[androidx.core:core:1.6.0] AndroidManifest.xml:24:18-86
45        android:debuggable="true"
46        android:icon="@mipmap/ic_launcher"
47        android:label="paypaltimenow"
48        android:supportsRtl="true" >
48-->[com.braintreepayments.api:drop-in:5.2.1] AndroidManifest.xml:16:9-35
49        <activity
50            android:name="com.example.paypaltimenow.MainActivity"
51            android:configChanges="orientation|keyboardHidden|keyboard|screenSize|smallestScreenSize|locale|layoutDirection|fontScale|screenLayout|density|uiMode"
52            android:exported="true"
53            android:hardwareAccelerated="true"
54            android:launchMode="singleTop"
55            android:theme="@style/LaunchTheme"
56            android:windowSoftInputMode="adjustResize" >
57
58            <!--
59                 Specifies an Android theme to apply to this Activity as soon as
60                 the Android process has started. This theme is visible to the user
61                 while the Flutter UI initializes. After that, this theme continues
62                 to determine the Window background behind the Flutter UI.
63            -->
64            <meta-data
65                android:name="io.flutter.embedding.android.NormalTheme"
66                android:resource="@style/NormalTheme" />
67
68            <intent-filter>
69                <action android:name="android.intent.action.MAIN" />
70
71                <category android:name="android.intent.category.LAUNCHER" />
72            </intent-filter>
73        </activity>
74        <activity
75            android:name="com.braintreepayments.api.BraintreeBrowserSwitchActivity"
76            android:exported="true"
77            android:launchMode="singleTask" >
78            <intent-filter>
79                <action android:name="android.intent.action.VIEW" />
79-->[com.braintreepayments:browser-switch:1.1.3] AndroidManifest.xml:13:13-65
79-->[com.braintreepayments:browser-switch:1.1.3] AndroidManifest.xml:13:21-62
80
81                <category android:name="android.intent.category.DEFAULT" />
82                <category android:name="android.intent.category.BROWSABLE" />
82-->[com.braintreepayments:browser-switch:1.1.3] AndroidManifest.xml:15:13-74
82-->[com.braintreepayments:browser-switch:1.1.3] AndroidManifest.xml:15:23-71
83
84                <data android:scheme="com.example.paypaltimenow.braintree" />
84-->[com.braintreepayments:browser-switch:1.1.3] AndroidManifest.xml:17:13-44
84-->[com.braintreepayments:browser-switch:1.1.3] AndroidManifest.xml:17:19-41
85            </intent-filter>
86        </activity>
87
88        <meta-data
89            android:name="com.google.android.gms.wallet.api.enabled"
90            android:value="true" />
91        <!--
92             Don't delete the meta-data below.
93             This is used by the Flutter tool to generate GeneratedPluginRegistrant.java
94        -->
95        <meta-data
96            android:name="flutterEmbedding"
97            android:value="2" />
98
99        <activity
99-->[:flutter_braintree] AndroidManifest.xml:10:9-13:20
100            android:name="com.example.flutter_braintree.FlutterBraintreeCustom"
100-->[:flutter_braintree] AndroidManifest.xml:11:13-80
101            android:theme="@style/bt_transparent_activity" >
101-->[:flutter_braintree] AndroidManifest.xml:12:13-59
102        </activity>
103
104        <uses-library
104-->[androidx.window:window:1.0.0-beta04] AndroidManifest.xml:25:9-27:40
105            android:name="androidx.window.extensions"
105-->[androidx.window:window:1.0.0-beta04] AndroidManifest.xml:26:13-54
106            android:required="false" />
106-->[androidx.window:window:1.0.0-beta04] AndroidManifest.xml:27:13-37
107        <uses-library
107-->[androidx.window:window:1.0.0-beta04] AndroidManifest.xml:28:9-30:40
108            android:name="androidx.window.sidecar"
108-->[androidx.window:window:1.0.0-beta04] AndroidManifest.xml:29:13-51
109            android:required="false" />
109-->[androidx.window:window:1.0.0-beta04] AndroidManifest.xml:30:13-37
110
111        <activity
111-->[io.card:android-sdk:5.5.1] AndroidManifest.xml:20:9-22:66
112            android:name="io.card.payment.CardIOActivity"
112-->[io.card:android-sdk:5.5.1] AndroidManifest.xml:21:13-58
113            android:configChanges="keyboardHidden|orientation" />
113-->[io.card:android-sdk:5.5.1] AndroidManifest.xml:22:13-63
114        <activity android:name="io.card.payment.DataEntryActivity" />
114-->[io.card:android-sdk:5.5.1] AndroidManifest.xml:23:9-70
114-->[io.card:android-sdk:5.5.1] AndroidManifest.xml:23:19-67
115        <activity
115-->[com.braintreepayments.api:drop-in:5.2.1] AndroidManifest.xml:18:9-20:64
116            android:name="com.braintreepayments.api.dropin.DropInActivity"
116-->[com.braintreepayments.api:drop-in:5.2.1] AndroidManifest.xml:19:13-75
117            android:theme="@style/bt_drop_in_activity_theme" />
117-->[com.braintreepayments.api:drop-in:5.2.1] AndroidManifest.xml:20:13-61
118        <activity
118-->[com.braintreepayments.api:drop-in:5.2.1] AndroidManifest.xml:21:9-23:65
119            android:name="com.braintreepayments.api.dropin.AddCardActivity"
119-->[com.braintreepayments.api:drop-in:5.2.1] AndroidManifest.xml:22:13-76
120            android:theme="@style/bt_add_card_activity_theme" />
120-->[com.braintreepayments.api:drop-in:5.2.1] AndroidManifest.xml:23:13-62
121        <activity
121-->[com.braintreepayments.api:drop-in:5.2.1] AndroidManifest.xml:24:9-26:70
122            android:name="com.braintreepayments.api.dropin.VaultManagerActivity"
122-->[com.braintreepayments.api:drop-in:5.2.1] AndroidManifest.xml:25:13-81
123            android:theme="@style/bt_vault_manager_activity_theme" />
123-->[com.braintreepayments.api:drop-in:5.2.1] AndroidManifest.xml:26:13-67
124
125        <service android:name="com.braintreepayments.api.internal.AnalyticsIntentService" />
125-->[com.braintreepayments.api:braintree:3.15.0] AndroidManifest.xml:17:9-93
125-->[com.braintreepayments.api:braintree:3.15.0] AndroidManifest.xml:17:18-90
126
127        <activity android:name="com.braintreepayments.api.ThreeDSecureActivity" />
127-->[com.braintreepayments.api:braintree:3.15.0] AndroidManifest.xml:19:9-83
127-->[com.braintreepayments.api:braintree:3.15.0] AndroidManifest.xml:19:19-80
128        <activity
128-->[com.google.android.gms:play-services-base:16.0.1] AndroidManifest.xml:23:9-26:75
129            android:name="com.google.android.gms.common.api.GoogleApiActivity"
129-->[com.google.android.gms:play-services-base:16.0.1] AndroidManifest.xml:24:13-79
130            android:exported="false"
130-->[com.google.android.gms:play-services-base:16.0.1] AndroidManifest.xml:25:13-37
131            android:theme="@android:style/Theme.Translucent.NoTitleBar" />
131-->[com.google.android.gms:play-services-base:16.0.1] AndroidManifest.xml:26:13-72
132
133        <meta-data
133-->[com.google.android.gms:play-services-basement:16.0.1] AndroidManifest.xml:23:9-25:69
134            android:name="com.google.android.gms.version"
134-->[com.google.android.gms:play-services-basement:16.0.1] AndroidManifest.xml:24:13-58
135            android:value="@integer/google_play_services_version" />
135-->[com.google.android.gms:play-services-basement:16.0.1] AndroidManifest.xml:25:13-66
136
137        <activity
137-->[com.braintreepayments.api:google-payment:3.3.1] AndroidManifest.xml:12:9-14:62
138            android:name="com.braintreepayments.api.GooglePaymentActivity"
138-->[com.braintreepayments.api:google-payment:3.3.1] AndroidManifest.xml:13:13-75
139            android:theme="@style/bt_transparent_activity" />
139-->[com.braintreepayments.api:google-payment:3.3.1] AndroidManifest.xml:14:13-59
140
141        <provider
141-->[org.jfrog.cardinalcommerce.gradle:cardinalmobilesdk:2.2.4-1] AndroidManifest.xml:17:9-21:40
142            android:name="com.cardinalcommerce.shared.cs.utils.CCInitProvider"
142-->[org.jfrog.cardinalcommerce.gradle:cardinalmobilesdk:2.2.4-1] AndroidManifest.xml:18:13-79
143            android:authorities="com.example.paypaltimenow.CCInitProvider"
143-->[org.jfrog.cardinalcommerce.gradle:cardinalmobilesdk:2.2.4-1] AndroidManifest.xml:19:13-66
144            android:enabled="true"
144-->[org.jfrog.cardinalcommerce.gradle:cardinalmobilesdk:2.2.4-1] AndroidManifest.xml:20:13-35
145            android:exported="false" />
145-->[org.jfrog.cardinalcommerce.gradle:cardinalmobilesdk:2.2.4-1] AndroidManifest.xml:21:13-37
146
147        <activity
147-->[org.jfrog.cardinalcommerce.gradle:cardinalmobilesdk:2.2.4-1] AndroidManifest.xml:23:9-25:65
148            android:name="com.cardinalcommerce.shared.cs.userinterfaces.ChallengeHTMLView"
148-->[org.jfrog.cardinalcommerce.gradle:cardinalmobilesdk:2.2.4-1] AndroidManifest.xml:24:13-91
149            android:theme="@style/CardinalSDKTheme.ActionBar" />
149-->[org.jfrog.cardinalcommerce.gradle:cardinalmobilesdk:2.2.4-1] AndroidManifest.xml:25:13-62
150        <activity
150-->[org.jfrog.cardinalcommerce.gradle:cardinalmobilesdk:2.2.4-1] AndroidManifest.xml:26:9-29:76
151            android:name="com.cardinalcommerce.shared.cs.userinterfaces.ChallengeNativeView"
151-->[org.jfrog.cardinalcommerce.gradle:cardinalmobilesdk:2.2.4-1] AndroidManifest.xml:27:13-93
152            android:theme="@style/CardinalSDKTheme.ActionBar"
152-->[org.jfrog.cardinalcommerce.gradle:cardinalmobilesdk:2.2.4-1] AndroidManifest.xml:28:13-62
153            android:windowSoftInputMode="stateAlwaysHidden|adjustResize" />
153-->[org.jfrog.cardinalcommerce.gradle:cardinalmobilesdk:2.2.4-1] AndroidManifest.xml:29:13-73
154    </application>
155
156</manifest>